<?xml version="1.0" encoding="UTF-8"?>
<!-- Generated by org.testng.reporters.JUnitXMLReporter -->
<testsuite ignored="0" hostname="Hp" failures="0" tests="4" name="Default test" time="0.063" errors="0" timestamp="2024-04-12T18:37:43 IST">
  <testcase classname="calctest.CalculatorTest" name="testAdd" time="0.01"/>
  <testcase classname="calctest.CalculatorTest" name="testDivide" time="0.003"/>
  <testcase classname="calctest.CalculatorTest" name="testMultiply" time="0.002"/>
  <testcase classname="calctest.CalculatorTest" name="testSubtract" time="0.001"/>
</testsuite> <!-- Default test -->
